test log file for debugging the wxSmartHome application
line 3
line 4
line 5
line 6
line 7
line 8
line 9
line 10
line 11
line 12
line 13
line 14
line 15
line 16 is a really long line   asdlksadlksajdlksajdlka  lkajdlksajdlkajdlkaks d  alskdjaslkjdlksajdlksa   alksdjlksadsa
line 17
line 18
line 19
line 20
line 21
line 22
line 23
line 24
line 25
line 26
line 27
line 28
line 29
line 30
line 31
line 32
line 33
line 34
line 35
line 36
line 37
line 38
line 39
line 40
line 41
goober 42
amiga 43
f00d 44
jedi 45
sith 46
0        1         2         3         4         5         6         7         8
12345678901234567890123456789012345678901234567890123456789012345678901234567890
nl 48
Test again
Dec 10, 2015  22:30:45  Cntrl 123  Load beef  INC  Status=Load 02  
Dec 10, 2015  22:32:00  Cntrl 123  Load beef  INC  Status=03
Dec 10, 2015  22:32:39  Cntrl 123  Load beef  INC  Status=0x04
Dec 10, 2015  22:39:48  Cntrl 123  Load beef  DEC  Powered=1  Status=2
Dec 10, 2015  22:40:00  Cntrl 123  Load beef  INC  Powered=1  Status=4
Dec 10, 2015  22:40:12  Cntrl 123  Load beef  OFF  Powered=0  Status=4
Dec 10, 2015  22:40:20  Cntrl 123  Load beef  INC  Powered=1  Status=1
Dec 10, 2015  22:40:32  Cntrl 123  Load beef  Save FAV  Powered=1  Status=4
Dec 10, 2015  22:42:42    Cntrl=123  Load=beef    OFF    Powered=0  Status=2
Dec 10, 2015  22:42:55    Cntrl=123  Load=beef    INC    Powered=1  Status=1
Dec 10, 2015  22:42:57    Cntrl=123  Load=beef    INC    Powered=1  Status=2
Dec 10, 2015  22:43:08    Cntrl=123  Load=beef    DEC    Powered=1  Status=1
Dec 10, 2015  22:44:10    Control=123  Load=beef    INC    Powered=1  Status=1
Dec 10, 2015  22:44:20    Control=123  Load=beef    Save FAV    Powered=1  Status=4
Dec 10, 2015  22:46:01    Control=123  Load=beef    
        DEC    Powered=1  Status=4
Dec 10, 2015  22:46:07    Control=123  Load=beef    
        OFF    Powered=0  Status=4
Dec 10, 2015  22:46:10    Control=123  Load=beef    
        ON     Powered=1  Status=4
Dec 10, 2015  22:46:13    Control=123  Load=beef    
        DEC    Powered=1  Status=3
Dec 10, 2015  22:46:19    Control=123  Load=beef    
        Save FAV    Powered=1  Status=4
Dec 10, 2015  22:46:27    Control=123  Load=beef    
        OFF    Powered=0  Status=4
Dec 10, 2015  22:46:30    Control=123  Load=beef    
        FAV    Powered=1  Status=4
Dec 10, 2015  22:46:38    Control=123  Load=beef    
        Save FAV    Powered=1  Status=4
Dec 10, 2015  22:51:51    Control=123  Load=beef    
        OFF    Powered=0  Status=4

Dec 10, 2015  22:52:46    Control=123  Load=beef    
        Decrease Level    Powered=1  Status=2

Dec 10, 2015  22:53:02    Control=123  Load=beef    
        Increase Level    Powered=1  Status=1

Dec 10, 2015  22:53:09    Control=123  Load=beef    
        Goto Favorite level    Powered=1  Status=4

Dec 10, 2015  22:54:14    Control=123  Load=dead    
        Increase Level    Powered=1  Status=1

Dec 11, 2015  02:18:35    Control=123  Load=dead    
        Increase Level    Powered=1  Status=3

Dec 11, 2015  02:19:50    Control=123  Load=dead    
        Save Current as Favorite    Powered=1  Level/Status=4

Dec 11, 2015  02:19:59    Control=123  Load=dead    
        Decrease Level    Powered=1  Level/Status=3

Dec 11, 2015  02:20:14    Control=123  Load=dead    
        ON     Powered=1  Level/Status=4

Dec 11, 2015  02:21:47    Control=123  Load=dead    
        Increase Level    Powered=1  Level/Status=5

Dec 11, 2015  02:48:32    Control=123  Load=abcd    
        Increase Level    Powered=1  Level/Status=3

Dec 11, 2015  02:50:54    Control=123  Load=abcd    
        OFF    Powered=0  Level/Status=3

Dec 12, 2015  22:58:00    Control=beef  Load=00    
        OFF    Powered=0  Level/Status=2

Dec 12, 2015  22:58:07    Control=beef  Load=00    
        ON     Powered=1  Level/Status=2

Dec 12, 2015  23:00:34    Control=123  Load=beef    
        Increase Level    Powered=1  Level/Status=1

Dec 12, 2015  23:00:35    Control=beef  Load=123    
        Increase Level    Powered=1  Level/Status=1

Dec 12, 2015  23:03:10    Control=beef  Load=123    
        Increase Level    Powered=1  Level/Status=2

Dec 12, 2015  23:05:19    Control=beef  Load=123    
        Increase Level    Powered=1  Level/Status=4

Dec 12, 2015  23:07:39    Control=123  Load=beef    
        OFF    Powered=0  Level/Status=4

Dec 12, 2015  23:07:40    Control=beef  Load=123    
        OFF    Powered=0  Level/Status=4

Dec 12, 2015  23:08:40    Control=beef  Load=123    
        ON     Powered=1  Level/Status=4

Dec 12, 2015  23:08:50    Control=dead  Load=123    
        OFF    Powered=0  Level/Status=1

Dec 12, 2015  23:09:00    Control=dead  Load=123    
        Increase Level    Powered=1  Level/Status=1

Dec 12, 2015  23:09:18    Control=dead  Load=123    
        OFF    Powered=0  Level/Status=1

Dec 12, 2015  23:09:38    Control=dead  Load=123    
        Increase Level    Powered=1  Level/Status=2

Dec 12, 2015  23:22:23    Control=dead  Load=123    
        Increase Level    Powered=1  Level/Status=3

Dec 12, 2015  23:23:09    Control=dead  Load=123    
        ON     Powered=1  Level/Status=3

Dec 12, 2015  23:26:31    Control=dead  Load=123    
        OFF    Powered=0  Level/Status=3

Dec 12, 2015  23:27:02    Control=dead  Load=123    
        Increase Level    Powered=1  Level/Status=1

Dec 12, 2015  23:32:48    Control=dead  Load=123    
        OFF    Powered=0  Level/Status=1

Dec 12, 2015  23:40:27    Control=dead  Load=123    
        OFF    Powered=0  Level/Status=1

Dec 13, 2015  00:10:37    Control=dead  Load=123    
        ON     Powered=1  Level/Status=1

Dec 13, 2015  00:12:32    Control=dead  Load=123    
        Increase Level    Powered=1  Level/Status=2

Dec 13, 2015  00:18:50    Control=dead  Load=123    
        ON     Powered=1  Level/Status=4

Dec 13, 2015  00:37:11    Control=dead  Load=123    
        OFF    Powered=0  Level/Status=2

Dec 13, 2015  00:37:22    Control=dead  Load=123    
        Increase Level    Powered=1  Level/Status=1

Dec 13, 2015  00:39:45    Control=dead  Load=123    
        Increase Level    Powered=1  Level/Status=2

Dec 13, 2015  00:40:03    Control=dead  Load=123    
        Increase Level    Powered=1  Level/Status=4

Dec 13, 2015  00:41:00    Control=dead  Load=123    
        OFF    Powered=0  Level/Status=4

Dec 13, 2015  00:44:39    Control=dead  Load=123    
        Increase Level    Powered=1  Level/Status=1

Dec 13, 2015  00:47:12    Control=dead  Load=123    
        Increase Level    Powered=1  Level/Status=2

Dec 13, 2015  00:53:53    Control=dead  Load=123    
        Decrease Level    Powered=0  Level/Status=0

Dec 13, 2015  00:56:03    Control=dead  Load=123    
        Increase Level    Powered=1  Level/Status=1

Dec 13, 2015  00:56:51    Control=dead  Load=123    
        Increase Level    Powered=1  Level/Status=2

Dec 13, 2015  00:57:12    Control=dead  Load=123    
        Goto Favorite level    Powered=1  Level/Status=4

Dec 13, 2015  00:57:56    Control=dead  Load=123    
        Goto Favorite level    Powered=1  Level/Status=4

Dec 13, 2015  01:00:26    Control=dead  Load=123    
        Save Current as Favorite    Powered=1  Level/Status=1

Dec 13, 2015  01:00:34    Control=dead  Load=123    
        Decrease Level    Powered=1  Level/Status=3

Dec 13, 2015  01:00:51    Control=dead  Load=123    
        Goto Favorite level    Powered=1  Level/Status=4

Dec 13, 2015  01:00:59    Control=dead  Load=123    
        ON     Powered=1  Level/Status=4

Dec 13, 2015  01:01:03    Control=dead  Load=123    
        OFF    Powered=0  Level/Status=4

Dec 13, 2015  01:01:08    Control=dead  Load=123    
        Increase Level    Powered=1  Level/Status=1

Dec 13, 2015  01:01:13    Control=dead  Load=123    
        Increase Level    Powered=1  Level/Status=2

Dec 13, 2015  01:01:17    Control=dead  Load=123    
        Increase Level    Powered=1  Level/Status=3

Dec 13, 2015  01:01:22    Control=dead  Load=123    
        Increase Level    Powered=1  Level/Status=4

Dec 13, 2015  01:01:27    Control=dead  Load=123    
        Increase Level    Powered=1  Level/Status=5

Dec 13, 2015  01:03:08    Control=beef  Load=123    
        OFF    Powered=0  Level/Status=5

Dec 13, 2015  01:03:13    Control=beef  Load=123    
        Increase Level    Powered=1  Level/Status=1

Dec 13, 2015   01:05:55    Control=beef  Load=0123    
        Increase Level    Powered=1  Level/Status=3

Dec 13, 2015   01:07:53    Control=beef  Load=0123    
        Goto Favorite level    Powered=1  Level/Status=2

Dec 13, 2015   01:08:26    Control=dead  Load=0123    
        Save Current as Favorite    Powered=1  Level/Status=1

Dec 13, 2015   01:10:46    Control=beef  Load=0123    
        Goto Favorite level    Powered=1  Level/Status=2

Dec 13, 2015   01:11:16    Control=0123  Load=beef    
        Decrease Level    Powered=0  Level/Status=0

Dec 13, 2015   01:14:02    Control=0123  Load=dead    
        OFF    Powered=0  Level/Status=4

Dec 13, 2015   01:14:06    Control=0123  Load=dead    
        Goto Favorite level    Powered=1  Level/Status=4

Dec 13, 2015   01:14:17    Control=0123  Load=dead    
        OFF    Powered=0  Level/Status=4

Dec 13, 2015   01:14:21    Control=0123  Load=dead    
        ON     Powered=1  Level/Status=4

Dec 13, 2015   01:14:30    Control=0123  Load=dead    
        Decrease Level    Powered=1  Level/Status=3

Dec 13, 2015   01:14:41    Control=0000  Load=dead    
        OFF    Powered=0  Level/Status=3

Dec 13, 2015   01:45:25    Control=0000  Load=dead    
        ON     Powered=1  Level/Status=3

Dec 13, 2015   01:45:29    Control=0000  Load=dead    
        OFF    Powered=0  Level/Status=3

Dec 13, 2015   01:45:33    Control=0000  Load=dead    
        ON     Powered=1  Level/Status=3

Dec 13, 2015   01:45:52    Control=0000  Load=dead    
        ON     Powered=1  Level/Status=3

Dec 13, 2015   01:45:57    Control=0000  Load=dead    
        ON     Powered=1  Level/Status=3

Dec 13, 2015   01:46:01    Control=0000  Load=dead    
        ON     Powered=1  Level/Status=3

Dec 13, 2015   01:46:15    Control=0000  Load=dead    
        OFF    Powered=0  Level/Status=3

Dec 13, 2015   01:46:18    Control=0000  Load=dead    
        ON     Powered=1  Level/Status=3

Dec 13, 2015   01:46:42    Control=0000  Load=beef    
        ON     Powered=1  Level/Status=0

Dec 13, 2015   01:46:48    Control=0000  Load=beef    
        ON     Powered=1  Level/Status=0

Dec 13, 2015   01:46:52    Control=0000  Load=beef    
        ON     Powered=1  Level/Status=0

Dec 13, 2015   01:49:56    Control=0000  Load=dead    
        OFF    Powered=0  Level/Status=3

Dec 13, 2015   01:49:59    Control=0000  Load=dead    
        Increase Level    Powered=1  Level/Status=1

Dec 13, 2015   01:51:14    Control=0000  Load=dead    
        Decrease Level    Powered=0  Level/Status=0

Dec 13, 2015   01:51:19    Control=0000  Load=dead    
        Increase Level    Powered=1  Level/Status=2

Dec 13, 2015   01:51:29    Control=0000  Load=dead    
        Increase Level    Powered=1  Level/Status=5

Dec 13, 2015   01:51:50    Control=0000  Load=dead    
        OFF    Powered=0  Level/Status=4

Dec 13, 2015   01:51:53    Control=0000  Load=dead    
        ON     Powered=1  Level/Status=4

Dec 13, 2015   01:53:30    Control=0000  Load=dead    
        Decrease Level    Powered=1  Level/Status=3

Dec 13, 2015   01:53:47    Control=0000  Load=dead    
        Decrease Level    Powered=0  Level/Status=0

Dec 13, 2015   01:53:53    Control=0000  Load=dead    
        Increase Level    Powered=1  Level/Status=1

Dec 13, 2015   01:53:54    Control=0000  Load=dead    
        Increase Level    Powered=1  Level/Status=2

Dec 13, 2015   01:54:00    Control=0000  Load=dead    
        Decrease Level    Powered=1  Level/Status=2

Dec 13, 2015   01:54:05    Control=0000  Load=dead    
        Decrease Level    Powered=1  Level/Status=1

Dec 13, 2015   01:54:10    Control=0000  Load=dead    
        Decrease Level    Powered=0  Level/Status=0

Dec 13, 2015   01:54:20    Control=0000  Load=dead    
        Goto Favorite level    Powered=1  Level/Status=4

Dec 13, 2015   01:54:40    Control=0000  Load=beef    
        Decrease Level    Powered=0  Level/Status=0

Dec 13, 2015   01:54:44    Control=0000  Load=beef    
        Increase Level    Powered=1  Level/Status=1

Dec 13, 2015   01:55:39    Control=0000  Load=dead    
        Decrease Level    Powered=1  Level/Status=3

Dec 13, 2015   01:55:53    Control=0000  Load=dead    
        ON     Powered=1  Level/Status=0

Dec 13, 2015   01:55:55    Control=0000  Load=dead    
        OFF    Powered=0  Level/Status=0

Dec 13, 2015   01:56:05    Control=0000  Load=dead    
        OFF    Powered=0  Level/Status=1

Dec 13, 2015   01:56:12    Control=0000  Load=dead    
        ON     Powered=1  Level/Status=1

Dec 13, 2015   01:56:19    Control=0000  Load=dead    
        Increase Level    Powered=1  Level/Status=2

Dec 13, 2015   01:56:24    Control=0000  Load=dead    
        Increase Level    Powered=1  Level/Status=3

Dec 13, 2015   01:56:40    Control=0000  Load=dead    
        Increase Level    Powered=1  Level/Status=4

Dec 13, 2015   01:56:43    Control=0000  Load=dead    
        Goto Favorite level    Powered=1  Level/Status=4

Dec 13, 2015   01:56:49    Control=0000  Load=dead    
        OFF    Powered=0  Level/Status=4

Dec 13, 2015   01:56:52    Control=0000  Load=dead    
        Goto Favorite level    Powered=1  Level/Status=4

Dec 13, 2015   02:04:30    Control=0123  Load=dead    
        Increase Level    Powered=1  Level/Status=5

Dec 13, 2015   02:04:36    Control=0123  Load=dead    
        OFF    Powered=0  Level/Status=5

Dec 13, 2015   02:04:49    Control=0123  Load=dead    
        OFF    Powered=0  Level/Status=3

Dec 13, 2015   02:04:51    Control=0123  Load=dead    
        ON     Powered=1  Level/Status=3

Dec 13, 2015   02:04:54    Control=0123  Load=dead    
        OFF    Powered=0  Level/Status=3

Dec 13, 2015   02:04:58    Control=0123  Load=dead    
        Increase Level    Powered=1  Level/Status=1

Dec 13, 2015   02:05:01    Control=0123  Load=dead    
        Increase Level    Powered=1  Level/Status=2

Dec 13, 2015   02:34:01    Control=0000  Load=beef    
        Read Current Level    Powered=0  Level/Status=5

Dec 13, 2015   02:34:04    Control=0000  Load=dead    
        Read Current Level    Powered=0  Level/Status=2

Dec 13, 2015   02:34:10    Control=0000  Load=beef    
        Read Current Level    Powered=0  Level/Status=5

Dec 13, 2015   02:34:15    Control=0123  Load=dead    
        OFF    Powered=0  Level/Status=2

Dec 13, 2015   02:34:19    Control=0123  Load=dead    
        Goto Favorite level    Powered=1  Level/Status=4

Dec 13, 2015   02:34:38    Control=0123  Load=beef    
        OFF    Powered=0  Level/Status=5

Dec 13, 2015   02:34:40    Control=0123  Load=beef    
        Goto Favorite level    Powered=1  Level/Status=2

Dec 13, 2015   02:34:47    Control=0123  Load=beef    
        Decrease Level    Powered=1  Level/Status=1

Dec 13, 2015   02:34:49    Control=0123  Load=beef    
        Decrease Level    Powered=0  Level/Status=0

Dec 13, 2015   02:35:01    Control=0000  Load=dead    
        Read Current Level    Powered=1  Level/Status=4

Dec 13, 2015   02:35:03    Control=0123  Load=beef    
        OFF    Powered=0  Level/Status=0

Dec 13, 2015   02:35:05    Control=0123  Load=beef    
        Increase Level    Powered=1  Level/Status=1

Dec 13, 2015   02:36:25    Control=0123  Load=beef    
        Increase Level    Powered=1  Level/Status=2

Dec 13, 2015   02:36:28    Control=0123  Load=beef    
        Decrease Level    Powered=1  Level/Status=1

Dec 13, 2015   02:36:38    Control=0123  Load=beef    
        Decrease Level    Powered=1  Level/Status=1

Dec 13, 2015   02:36:39    Control=0123  Load=beef    
        Decrease Level    Powered=0  Level/Status=0

Dec 13, 2015   02:36:42    Control=0123  Load=beef    
        Decrease Level    Powered=0  Level/Status=0

Dec 13, 2015   02:36:52    Control=0123  Load=beef    
        Goto Favorite level    Powered=1  Level/Status=2

Dec 13, 2015   02:44:34    Control=0123  Load=beef    
        Decrease Level    Powered=1  Level/Status=1

